<?xml version="1.0" encoding="UTF-8"?>
<!-- Generated by org.testng.reporters.JUnitReportReporter -->
<testsuite hostname="tthesigan" failures="0" tests="1" name="testCases.TC001_AccountRegistrationTest" time="1.714" errors="0" timestamp="2024-10-12T18:48:27 IST" skipped="0">
  <testcase classname="testCases.TC001_AccountRegistrationTest" name="verifyAccountRegistartion" time="1.714"/>
</testsuite> <!-- testCases.TC001_AccountRegistrationTest -->
