<?xml version="1.0" encoding="UTF-8"?>
<!-- Generated by org.testng.reporters.JUnitReportReporter -->
<testsuite hostname="tthesigan" failures="0" tests="1" name="testCases.TC002_LoginTest" time="1.028" errors="0" timestamp="2024-10-12T20:38:02 IST" skipped="0">
  <testcase classname="testCases.TC002_LoginTest" name="verifyLogin" time="1.028"/>
</testsuite> <!-- testCases.TC002_LoginTest -->
